app/manifest-merger-release-report.txt
-- Merging decision tree log ---
manifest
ADDED from AndroidManifest.xml:2:1
	xmlns:android
		ADDED from AndroidManifest.xml:2:11
	package
		ADDED from AndroidManifest.xml:3:1
		INJECTED from AndroidManifest.xml:0:0
		INJECTED from AndroidManifest.xml:0:0
	android:versionName
		INJECTED from AndroidManifest.xml:0:0
		INJECTED from AndroidManifest.xml:0:0
	android:versionCode
		INJECTED from AndroidManifest.xml:0:0
		INJECTED from AndroidManifest.xml:0:0
application
ADDED from AndroidManifest.xml:5:1
	android:label
		ADDED from AndroidManifest.xml:8:5
	android:allowBackup
		ADDED from AndroidManifest.xml:6:5
	android:icon
		ADDED from AndroidManifest.xml:7:5
	android:theme
		ADDED from AndroidManifest.xml:9:5
activity#com.ecg.complimenter.ECG
ADDED from AndroidManifest.xml:10:5
	android:screenOrientation
		ADDED from AndroidManifest.xml:14:9
	android:label
		ADDED from AndroidManifest.xml:13:9
	android:configChanges
		ADDED from AndroidManifest.xml:12:9
	android:theme
		ADDED from AndroidManifest.xml:15:9
	android:name
		ADDED from AndroidManifest.xml:11:9
intent-filter#android.intent.action.MAIN+android.intent.category.LAUNCHER
ADDED from AndroidManifest.xml:16:9
action#android.intent.action.MAIN
ADDED from AndroidManifest.xml:17:13
	android:name
		ADDED from AndroidManifest.xml:17:21
category#android.intent.category.LAUNCHER
ADDED from AndroidManifest.xml:18:13
	android:name
		ADDED from AndroidManifest.xml:18:23
intent-filter#android.intent.action.MEDIA_MOUNTED
ADDED from AndroidManifest.xml:20:9
action#android.intent.action.MEDIA_MOUNTED
ADDED from AndroidManifest.xml:21:13
	android:name
		ADDED from AndroidManifest.xml:21:21
data
ADDED from AndroidManifest.xml:22:13
	android:scheme
		ADDED from AndroidManifest.xml:22:19
uses-sdk
ADDED from AndroidManifest.xml:27:1
	android:targetSdkVersion
		INJECTED from AndroidManifest.xml:0:0
		INJECTED from AndroidManifest.xml:0:0
	android:minSdkVersion
		ADDED from AndroidManifest.xml:27:11
		INJECTED from AndroidManifest.xml:0:0
		INJECTED from AndroidManifest.xml:0:0
uses-permission#android.permission.WRITE_EXTERNAL_STORAGE
ADDED from AndroidManifest.xml:28:1
	android:name
		ADDED from AndroidManifest.xml:28:18